<?xml version="1.0" encoding="UTF-8"?>
<testng-results skipped="0" failed="0" total="1" passed="1">
  <reporter-output>
  </reporter-output>
  <suite name="Suite" duration-ms="30493" started-at="2018-05-03T14:30:22Z" finished-at="2018-05-03T14:30:52Z">
    <groups>
    </groups>
    <test name="Test" duration-ms="30493" started-at="2018-05-03T14:30:22Z" finished-at="2018-05-03T14:30:52Z">
      <class name="File.Final">
        <test-method status="PASS" signature="testing()[pri:0, instance:File.Final@1b467e9]" name="testing" duration-ms="30484" started-at="2018-05-03T20:00:22Z" finished-at="2018-05-03T20:00:52Z">
          <reporter-output>
          </reporter-output>
        </test-method> <!-- testing -->
      </class> <!-- File.Final -->
    </test> <!-- Test -->
  </suite> <!-- Suite -->
</testng-results>
